200806 22:40:01 [Note] Plugin 'FEDERATED' is disabled.
200806 22:40:01 InnoDB: The InnoDB memory heap is disabled
200806 22:40:01 InnoDB: Mutexes and rw_locks use Windows interlocked functions
200806 22:40:01 InnoDB: Compressed tables use zlib 1.2.3
200806 22:40:01 InnoDB: Initializing buffer pool, size = 128.0M
200806 22:40:01 InnoDB: Completed initialization of buffer pool
InnoDB: The first specified data file .\ibdata1 did not exist:
InnoDB: a new database to be created!
200806 22:40:01  InnoDB: Setting file .\ibdata1 size to 10 MB
InnoDB: Database physically writes the file full: wait...
200806 22:40:01  InnoDB: Log file .\ib_logfile0 did not exist: new to be created
InnoDB: Setting log file .\ib_logfile0 size to 5 MB
InnoDB: Database physically writes the file full: wait...
200806 22:40:01  InnoDB: Log file .\ib_logfile1 did not exist: new to be created
InnoDB: Setting log file .\ib_logfile1 size to 5 MB
InnoDB: Database physically writes the file full: wait...
InnoDB: Doublewrite buffer not found: creating new
InnoDB: Doublewrite buffer created
InnoDB: 127 rollback segment(s) active.
InnoDB: Creating foreign key constraint system tables
InnoDB: Foreign key constraint system tables created
200806 22:40:01  InnoDB: Waiting for the background threads to start
200806 22:40:02 InnoDB: 1.1.8 started; log sequence number 0
200806 22:40:02 [Note] Server hostname (bind-address): '(null)'; port: 3306
200806 22:40:02 [Note]   - '(null)' resolves to '::';
200806 22:40:02 [Note]   - '(null)' resolves to '0.0.0.0';
200806 22:40:02 [Note] Server socket created on IP: '0.0.0.0'.
200806 22:40:02 [Note] Event Scheduler: Loaded 0 events
200806 22:40:02 [Note] wampmysqld: ready for connections.
Version: '5.5.24-log'  socket: ''  port: 3306  MySQL Community Server (GPL)
200806 22:40:13 [Note] wampmysqld: Normal shutdown

200806 22:40:13 [Note] Event Scheduler: Purging the queue. 0 events
200806 22:40:13  InnoDB: Starting shutdown...
200806 22:40:14  InnoDB: Shutdown completed; log sequence number 1595675
200806 22:40:14 [Note] wampmysqld: Shutdown complete

